-------------------------------------------------------------------------------
Test set: com.project.PR111FilesTest
-------------------------------------------------------------------------------
Tests run: 1, Failures: 1, Errors: 0, Skipped: 0, Time elapsed: 0.002 s <<< FAILURE! - in com.project.PR111FilesTest
com.project.PR111FilesTest.testGestionarArxius  Time elapsed: 0.001 s  <<< FAILURE!
org.opentest4j.AssertionFailedError: La carpeta hauria d'existir ==> expected: <true> but was: <false>
	at com.project.PR111FilesTest.testGestionarArxius(PR111FilesTest.java:25)

